<?xml version="1.0" encoding="UTF-8"?>
<testsuite xmlns:xsi="http://www.w3.org/2001/XMLSchema-instance" xsi:noNamespaceSchemaLocation="https://maven.apache.org/surefire/maven-surefire-plugin/xsd/surefire-test-report-3.0.xsd" version="3.0" name="es.aam.kata.ia.RomanNumeralConverterTest" time="0.056" tests="55" errors="0" skipped="0" failures="0">
  <properties>
[...]
</properties>
  <testcase name="shouldConvertSeventeenth" classname="es.aam.kata.ia.RomanNumeralConverterTest" time="0.001"/>
  <testcase name="shouldConvertHundred" classname="es.aam.kata.ia.RomanNumeralConverterTest" time="0.001"/>
  <testcase name="shouldConvertFifty" classname="es.aam.kata.ia.RomanNumeralConverterTest" time="0.001"/>
  <testcase name="shouldConvertForty" classname="es.aam.kata.ia.RomanNumeralConverterTest" time="0.001"/>
  <testcase name="shouldConvertThree" classname="es.aam.kata.ia.RomanNumeralConverterTest" time="0"/>
  <testcase name="shouldConvertFromRomanFortyfour" classname="es.aam.kata.ia.RomanNumeralConverterTest" time="0.001"/>
  <testcase name="shouldThrowExceptionForInvalidRomanNumeral" classname="es.aam.kata.ia.RomanNumeralConverterTest" time="0.003"/>
  <testcase name="shouldConvertFromRomanNineteenNinetyfour" classname="es.aam.kata.ia.RomanNumeralConverterTest" time="0.001"/>
  <testcase name="shouldConvertFromRomanNineteenNinetynine" classname="es.aam.kata.ia.RomanNumeralConverterTest" time="0.001"/>
  <testcase name="shouldConvertFromRomanFifty" classname="es.aam.kata.ia.RomanNumeralConverterTest" time="0.001"/>
  <testcase name="shouldConvertFromRomanForty" classname="es.aam.kata.ia.RomanNumeralConverterTest" time="0.001"/>
  <testcase name="shouldConvertFromRomanThree" classname="es.aam.kata.ia.RomanNumeralConverterTest" time="0.001"/>
  <testcase name="shouldConvertFive" classname="es.aam.kata.ia.RomanNumeralConverterTest" time="0.001"/>
  <testcase name="shouldConvertFour" classname="es.aam.kata.ia.RomanNumeralConverterTest" time="0.001"/>
  <testcase name="shouldConvertNine" classname="es.aam.kata.ia.RomanNumeralConverterTest" time="0"/>
  <testcase name="shouldConvertFromRomanFiveHundred" classname="es.aam.kata.ia.RomanNumeralConverterTest" time="0.001"/>
  <testcase name="shouldConvertFromRomanNineHundred" classname="es.aam.kata.ia.RomanNumeralConverterTest" time="0.001"/>
  <testcase name="shouldConvertFromRomanNinety" classname="es.aam.kata.ia.RomanNumeralConverterTest" time="0"/>
  <testcase name="shouldConvertFromRomanThirty" classname="es.aam.kata.ia.RomanNumeralConverterTest" time="0.001"/>
  <testcase name="shouldConvertFromRomanTwenty" classname="es.aam.kata.ia.RomanNumeralConverterTest" time="0.001"/>
  <testcase name="shouldConvertThreeHundred" classname="es.aam.kata.ia.RomanNumeralConverterTest" time="0.002"/>
  <testcase name="shouldConvertNineteenNinetyfour" classname="es.aam.kata.ia.RomanNumeralConverterTest" time="0"/>
  <testcase name="shouldConvertNineteenNinetynine" classname="es.aam.kata.ia.RomanNumeralConverterTest" time="0.001"/>
  <testcase name="shouldConvertFiveHundred" classname="es.aam.kata.ia.RomanNumeralConverterTest" time="0.001"/>
  <testcase name="shouldConvertNineHundred" classname="es.aam.kata.ia.RomanNumeralConverterTest" time="0"/>
  <testcase name="shouldConvertNinetyfour" classname="es.aam.kata.ia.RomanNumeralConverterTest" time="0.001"/>
  <testcase name="shouldThrowExceptionForNullInput" classname="es.aam.kata.ia.RomanNumeralConverterTest" time="0.001"/>
  <testcase name="shouldConvertNinety" classname="es.aam.kata.ia.RomanNumeralConverterTest" time="0.001"/>
  <testcase name="shouldConvertThreeThousand" classname="es.aam.kata.ia.RomanNumeralConverterTest" time="0.001"/>
  <testcase name="shouldConvertThirty" classname="es.aam.kata.ia.RomanNumeralConverterTest" time="0"/>
  <testcase name="shouldConvertTwenty" classname="es.aam.kata.ia.RomanNumeralConverterTest" time="0.001"/>
  <testcase name="shouldConvertTwoThousand" classname="es.aam.kata.ia.RomanNumeralConverterTest" time="0"/>
  <testcase name="shouldConvertFromRomanFive" classname="es.aam.kata.ia.RomanNumeralConverterTest" time="0.001"/>
  <testcase name="shouldConvertFromRomanFour" classname="es.aam.kata.ia.RomanNumeralConverterTest" time="0.001"/>
  <testcase name="shouldConvertFromRomanNine" classname="es.aam.kata.ia.RomanNumeralConverterTest" time="0"/>
  <testcase name="shouldConvertOne" classname="es.aam.kata.ia.RomanNumeralConverterTest" time="0"/>
  <testcase name="shouldConvertTen" classname="es.aam.kata.ia.RomanNumeralConverterTest" time="0"/>
  <testcase name="shouldConvertTwo" classname="es.aam.kata.ia.RomanNumeralConverterTest" time="0.001"/>
  <testcase name="shouldConvertFromRomanHundred" classname="es.aam.kata.ia.RomanNumeralConverterTest" time="0"/>
  <testcase name="shouldConvertFiveHundredEightyfive" classname="es.aam.kata.ia.RomanNumeralConverterTest" time="0.001"/>
  <testcase name="shouldConvertFromRomanNinetyfour" classname="es.aam.kata.ia.RomanNumeralConverterTest" time="0"/>
  <testcase name="shouldConvertFromRomanThousand" classname="es.aam.kata.ia.RomanNumeralConverterTest" time="0"/>
  <testcase name="shouldConvertFromRomanFourHundred" classname="es.aam.kata.ia.RomanNumeralConverterTest" time="0"/>
  <testcase name="shouldConvertFiftyeight" classname="es.aam.kata.ia.RomanNumeralConverterTest" time="0"/>
  <testcase name="shouldConvertTwoHundred" classname="es.aam.kata.ia.RomanNumeralConverterTest" time="0.001"/>
  <testcase name="shouldThrowExceptionForEmptyString" classname="es.aam.kata.ia.RomanNumeralConverterTest" time="0.001"/>
  <testcase name="shouldConvertFortyfour" classname="es.aam.kata.ia.RomanNumeralConverterTest" time="0.001"/>
  <testcase name="shouldConvertFourHundred" classname="es.aam.kata.ia.RomanNumeralConverterTest" time="0"/>
  <testcase name="shouldConvertTwentythree" classname="es.aam.kata.ia.RomanNumeralConverterTest" time="0.001"/>
  <testcase name="shouldConvertFromRomanOne" classname="es.aam.kata.ia.RomanNumeralConverterTest" time="0"/>
  <testcase name="shouldConvertFromRomanTen" classname="es.aam.kata.ia.RomanNumeralConverterTest" time="0"/>
  <testcase name="shouldConvertFromRomanTwo" classname="es.aam.kata.ia.RomanNumeralConverterTest" time="0"/>
  <testcase name="shouldConvertFromRomanSeventeenth" classname="es.aam.kata.ia.RomanNumeralConverterTest" time="0.001"/>
  <testcase name="shouldConvertEightHundredNinetyfour" classname="es.aam.kata.ia.RomanNumeralConverterTest" time="0"/>
  <testcase name="shouldConvertThousand" classname="es.aam.kata.ia.RomanNumeralConverterTest" time="0.001"/>
</testsuite>